TEST RESULTS
==================================================
Test started at: 2025-08-15 01:38:33.276556+00:00

System Diagnostics: PASSED
--------------------------------------------------
System Diagnostics: PASSED
--------------------------------------------------
Auth Real Scenario Sync: FAILED
Error: JWT decoding failed
assert None is not None
--------------------------------------------------
System Diagnostics: PASSED
--------------------------------------------------
Auth Real Scenario Async: FAILED
Error: JWT decoding failed
assert None is not None
--------------------------------------------------
Email Verification Standalone: FAILED
Error: Email verification failed: {"detail":"Verification failed"}
assert 500 == 200
 +  where 500 = <Response [500 Internal Server Error]>.status_code
--------------------------------------------------
